Build started 2015/9/7 1:54:50.
     1>Project "C:\Users\Simi\Desktop\Projects\210\210lab3a\210lab3a\210lab3a\210lab3a.vcxproj" on node 2 (Build target(s)).
     1>ClCompile:
         E:\Visual Studio 2013 Express\VC\bin\CL.exe /c /Zi /nologo /W3 /WX- /sdl /O2 /Oi /Oy- /GL /D WIN32 /D NDEBUG /D _CONSOLE /D _LIB /D _UNICODE /D UNICODE /Gm- /EHsc /MD /GS /Gy /fp:precise /Zc:wchar_t /Zc:forScope /Fo"Release\\" /Fd"Release\vc120.pdb" /Gd /TP /analyze- /errorReport:prompt StaticArrayDriver.cpp
         StaticArrayDriver.cpp
     1>StaticArrayDriver.cpp(91): warning C4018: '<' : signed/unsigned mismatch
     1>StaticArrayDriver.cpp(107): warning C4018: '<' : signed/unsigned mismatch
     1>StaticArrayDriver.cpp(110): error C2059: syntax error : '}'
     1>Done Building Project "C:\Users\Simi\Desktop\Projects\210\210lab3a\210lab3a\210lab3a\210lab3a.vcxproj" (Build target(s)) -- FAILED.

Build FAILED.

Time Elapsed 00:00:00.34
